{'DateStart': {'base': 'DateStart', 'offset': 0}, '申請日期': {'base': '申請日期', 'offset': 0}, '上櫃審議委員會審議日期': {'base': '上櫃審議委員會審議日期', 'offset': 0}, '櫃買董事會通過上櫃日期': {'base': '櫃買董事會通過上櫃日期', 'offset': 0}, '櫃買同意上櫃契約日期': {'base': '櫃買同意上櫃契約日期', 'offset': 0}, '投標開始日(T-4)': {'base': '投標開始日(T-4)', 'offset': 0}, '投標結束日(T-2)-13': {'base': '投標結束日(T-2)', 'offset': -13}, '投標結束日(T-2)-12': {'base': '投標結束日(T-2)', 'offset': -12}, '投標結束日(T-2)-11': {'base': '投標結束日(T-2)', 'offset': -11}, '投標結束日(T-2)-10': {'base': '投標結束日(T-2)', 'offset': -10}, '投標結束日(T-2)-9': {'base': '投標結束日(T-2)', 'offset': -9}, '投標結束日(T-2)-8': {'base': '投標結束日(T-2)', 'offset': -8}, '投標結束日(T-2)-7': {'base': '投標結束日(T-2)', 'offset': -7}, '投標結束日(T-2)-6': {'base': '投標結束日(T-2)', 'offset': -6}, '投標結束日(T-2)-5': {'base': '投標結束日(T-2)', 'offset': -5}, '投標結束日(T-2)-4': {'base': '投標結束日(T-2)', 'offset': -4}, '投標結束日(T-2)-3': {'base': '投標結束日(T-2)', 'offset': -3}, '投標結束日(T-2)-2': {'base': '投標結束日(T-2)', 'offset': -2}, '投標結束日(T-2)-1': {'base': '投標結束日(T-2)', 'offset': -1}, '投標結束日(T-2)': {'base': '投標結束日(T-2)', 'offset': 0}, '開標日期(T)': {'base': '開標日期(T)', 'offset': 0}, '撥券日(上市上櫃日) (T+7)': {'base': '撥券日(上市上櫃日) (T+7)', 'offset': 0}, '撥券日(上市上櫃日) (T+7)+1': {'base': '撥券日(上市上櫃日) (T+7)', 'offset': 1}, '撥券日(上市上櫃日) (T+7)+2': {'base': '撥券日(上市上櫃日) (T+7)', 'offset': 2}, '撥券日(上市上櫃日) (T+7)+3': {'base': '撥券日(上市上櫃日) (T+7)', 'offset': 3}, '撥券日(上市上櫃日) (T+7)+4': {'base': '撥券日(上市上櫃日) (T+7)', 'offset': 4}, '撥券日(上市上櫃日) (T+7)+5': {'base': '撥券日(上市上櫃日) (T+7)', 'offset': 5}, '撥券日(上市上櫃日) (T+7)+6': {'base': '撥券日(上市上櫃日) (T+7)', 'offset': 6}, '撥券日(上市上櫃日) (T+7)+7': {'base': '撥券日(上市上櫃日) (T+7)', 'offset': 7}, 'DateEnd': {'base': 'DateEnd', 'offset': 0}} <<AAAAAAAAAAAAAAA
成功讀取 holidays.csv，共 72 個假日
Traceback (most recent call last):
  File "/opt/hostedtoolcache/Python/3.9.22/x64/lib/python3.9/site-packages/pandas/core/indexes/base.py", line 3805, in get_loc
    return self._engine.get_loc(casted_key)
  File "index.pyx", line 167, in pandas._libs.index.IndexEngine.get_loc
  File "index.pyx", line 196, in pandas._libs.index.IndexEngine.get_loc
  File "pandas/_libs/hashtable_class_helper.pxi", line 7081, in pandas._libs.hashtable.PyObjectHashTable.get_item
  File "pandas/_libs/hashtable_class_helper.pxi", line 7089, in pandas._libs.hashtable.PyObjectHashTable.get_item
KeyError: '股票代號'

The above exception was the direct cause of the following exception:

Traceback (most recent call last):
  File "/home/runner/work/Python-Actions.FindMind/Python-Actions.FindMind/FindMind-read_stock_data_by_date.py", line 195, in <module>
    security_id = row["股票代號"]
  File "/opt/hostedtoolcache/Python/3.9.22/x64/lib/python3.9/site-packages/pandas/core/series.py", line 1121, in __getitem__
    return self._get_value(key)
  File "/opt/hostedtoolcache/Python/3.9.22/x64/lib/python3.9/site-packages/pandas/core/series.py", line 1237, in _get_value
    loc = self.index.get_loc(label)
  File "/opt/hostedtoolcache/Python/3.9.22/x64/lib/python3.9/site-packages/pandas/core/indexes/base.py", line 3812, in get_loc
    raise KeyError(key) from err
KeyError: '股票代號'
